Flow report for fast_adder_vhdl
Mon Jun 24 11:28:32 2024
Quartus Prime Version 18.0.0 Build 614 04/24/2018 SJ Lite Edition


---------------------
; Table of Contents ;
---------------------
  1. Legal Notice
  2. Flow Summary
  3. Flow Settings
  4. Flow Non-Default Global Settings
  5. Flow Elapsed Time
  6. Flow OS Summary
  7. Flow Log
  8. Flow Messages
  9. Flow Suppressed Messages



----------------
; Legal Notice ;
----------------
Copyright (C) 2018  Intel Corporation. All rights reserved.
Your use of Intel Corporation's design tools, logic functions 
and other software and tools, and its AMPP partner logic 
functions, and any output files from any of the foregoing 
(including device programming or simulation files), and any 
associated documentation or information are expressly subject 
to the terms and conditions of the Intel Program License 
Subscription Agreement, the Intel Quartus Prime License Agreement,
the Intel FPGA IP License Agreement, or other applicable license
agreement, including, without limitation, that your use is for
the sole purpose of programming logic devices manufactured by
Intel and sold by Intel or its authorized distributors.  Please
refer to the applicable agreement for further details.



+-------------------------------------------------------------------------------+
; Flow Summary                                                                  ;
+---------------------------------+---------------------------------------------+
; Flow Status                     ; Successful - Mon Jun 24 11:28:32 2024       ;
; Quartus Prime Version           ; 18.0.0 Build 614 04/24/2018 SJ Lite Edition ;
; Revision Name                   ; fast_adder_vhdl                             ;
; Top-level Entity Name           ; fast_adder_vhdl_stucksingle                 ;
; Family                          ; Cyclone V                                   ;
; Device                          ; 5CSXFC6D6F31C6                              ;
; Timing Models                   ; Final                                       ;
; Logic utilization (in ALMs)     ; 5 / 41,910 ( < 1 % )                        ;
; Total registers                 ; 0                                           ;
; Total pins                      ; 14 / 499 ( 3 % )                            ;
; Total virtual pins              ; 0                                           ;
; Total block memory bits         ; 0 / 5,662,720 ( 0 % )                       ;
; Total DSP Blocks                ; 0 / 112 ( 0 % )                             ;
; Total HSSI RX PCSs              ; 0 / 9 ( 0 % )                               ;
; Total HSSI PMA RX Deserializers ; 0 / 9 ( 0 % )                               ;
; Total HSSI TX PCSs              ; 0 / 9 ( 0 % )                               ;
; Total HSSI PMA TX Serializers   ; 0 / 9 ( 0 % )                               ;
; Total PLLs                      ; 0 / 15 ( 0 % )                              ;
; Total DLLs                      ; 0 / 4 ( 0 % )                               ;
+---------------------------------+---------------------------------------------+


+-----------------------------------------+
; Flow Settings                           ;
+-------------------+---------------------+
; Option            ; Setting             ;
+-------------------+---------------------+
; Start date & time ; 06/24/2024 11:27:23 ;
; Main task         ; Compilation         ;
; Revision Name     ; fast_adder_vhdl     ;
+-------------------+---------------------+


+---------------------------------------------------------------------------------------------------------------------------------------------------------------------+
; Flow Non-Default Global Settings                                                                                                                                    ;
+----------------------------------------+----------------------------------------+-----------------+-----------------------------+-----------------------------------+
; Assignment Name                        ; Value                                  ; Default Value   ; Entity Name                 ; Section Id                        ;
+----------------------------------------+----------------------------------------+-----------------+-----------------------------+-----------------------------------+
; COMPILER_SIGNATURE_ID                  ; 1098807211912.171920324326388          ; --              ; --                          ; --                                ;
; EDA_BOARD_DESIGN_BOUNDARY_SCAN_TOOL    ; BSDL (Boundary Scan)                   ; <None>          ; --                          ; --                                ;
; EDA_BOARD_DESIGN_SIGNAL_INTEGRITY_TOOL ; IBIS (Signal Integrity)                ; <None>          ; --                          ; --                                ;
; EDA_BOARD_DESIGN_SYMBOL_TOOL           ; ViewDraw (Symbol)                      ; <None>          ; --                          ; --                                ;
; EDA_BOARD_DESIGN_TIMING_TOOL           ; Stamp (Timing)                         ; <None>          ; --                          ; --                                ;
; EDA_DESIGN_ENTRY_SYNTHESIS_TOOL        ; Synplify                               ; <None>          ; --                          ; --                                ;
; EDA_INPUT_DATA_FORMAT                  ; Vqm                                    ; --              ; --                          ; eda_design_synthesis              ;
; EDA_LMF_FILE                           ; synplcty.lmf                           ; --              ; --                          ; eda_design_synthesis              ;
; EDA_OUTPUT_DATA_FORMAT                 ; Stamp                                  ; --              ; --                          ; eda_board_design_timing           ;
; EDA_OUTPUT_DATA_FORMAT                 ; Vhdl                                   ; --              ; --                          ; eda_simulation                    ;
; EDA_OUTPUT_DATA_FORMAT                 ; Bsdl                                   ; --              ; --                          ; eda_board_design_boundary_scan    ;
; EDA_OUTPUT_DATA_FORMAT                 ; Ibis                                   ; --              ; --                          ; eda_board_design_signal_integrity ;
; EDA_OUTPUT_DATA_FORMAT                 ; Viewdraw                               ; --              ; --                          ; eda_board_design_symbol           ;
; EDA_SIMULATION_TOOL                    ; ModelSim (VHDL)                        ; <None>          ; --                          ; --                                ;
; EDA_TIME_SCALE                         ; 1 ps                                   ; --              ; --                          ; eda_simulation                    ;
; MAX_CORE_JUNCTION_TEMP                 ; 85                                     ; --              ; --                          ; --                                ;
; MIN_CORE_JUNCTION_TEMP                 ; 0                                      ; --              ; --                          ; --                                ;
; PARTITION_COLOR                        ; -- (Not supported for targeted family) ; --              ; fast_adder_vhdl_stucksingle ; Top                               ;
; PARTITION_FITTER_PRESERVATION_LEVEL    ; -- (Not supported for targeted family) ; --              ; fast_adder_vhdl_stucksingle ; Top                               ;
; PARTITION_NETLIST_TYPE                 ; -- (Not supported for targeted family) ; --              ; fast_adder_vhdl_stucksingle ; Top                               ;
; POWER_BOARD_THERMAL_MODEL              ; None (CONSERVATIVE)                    ; --              ; --                          ; --                                ;
; POWER_PRESET_COOLING_SOLUTION          ; 23 MM HEAT SINK WITH 200 LFPM AIRFLOW  ; --              ; --                          ; --                                ;
; PROJECT_OUTPUT_DIRECTORY               ; output_files                           ; --              ; --                          ; --                                ;
; TOP_LEVEL_ENTITY                       ; fast_adder_vhdl_stucksingle            ; fast_adder_vhdl ; --                          ; --                                ;
+----------------------------------------+----------------------------------------+-----------------+-----------------------------+-----------------------------------+


+--------------------------------------------------------------------------------------------------------------------------+
; Flow Elapsed Time                                                                                                        ;
+----------------------+--------------+-------------------------+---------------------+------------------------------------+
; Module Name          ; Elapsed Time ; Average Processors Used ; Peak Virtual Memory ; Total CPU Time (on all processors) ;
+----------------------+--------------+-------------------------+---------------------+------------------------------------+
; Analysis & Synthesis ; 00:00:08     ; 1.0                     ; 4866 MB             ; 00:00:05                           ;
; Fitter               ; 00:00:20     ; 1.0                     ; 6941 MB             ; 00:00:29                           ;
; Assembler            ; 00:00:05     ; 1.0                     ; 4831 MB             ; 00:00:04                           ;
; Timing Analyzer      ; 00:00:04     ; 1.0                     ; 5173 MB             ; 00:00:03                           ;
; EDA Netlist Writer   ; 00:00:29     ; 1.0                     ; 5002 MB             ; 00:00:24                           ;
; Total                ; 00:01:06     ; --                      ; --                  ; 00:01:05                           ;
+----------------------+--------------+-------------------------+---------------------+------------------------------------+


+------------------------------------------------------------------------------------+
; Flow OS Summary                                                                    ;
+----------------------+------------------+------------+------------+----------------+
; Module Name          ; Machine Hostname ; OS Name    ; OS Version ; Processor type ;
+----------------------+------------------+------------+------------+----------------+
; Analysis & Synthesis ; Gerald           ; Windows 10 ; 10.0       ; x86_64         ;
; Fitter               ; Gerald           ; Windows 10 ; 10.0       ; x86_64         ;
; Assembler            ; Gerald           ; Windows 10 ; 10.0       ; x86_64         ;
; Timing Analyzer      ; Gerald           ; Windows 10 ; 10.0       ; x86_64         ;
; EDA Netlist Writer   ; Gerald           ; Windows 10 ; 10.0       ; x86_64         ;
+----------------------+------------------+------------+------------+----------------+


------------
; Flow Log ;
------------
quartus_map --read_settings_files=on --write_settings_files=off fast_adder_vhdl -c fast_adder_vhdl
quartus_fit --read_settings_files=off --write_settings_files=off fast_adder_vhdl -c fast_adder_vhdl
quartus_asm --read_settings_files=off --write_settings_files=off fast_adder_vhdl -c fast_adder_vhdl
quartus_sta fast_adder_vhdl -c fast_adder_vhdl
quartus_eda --read_settings_files=off --write_settings_files=off fast_adder_vhdl -c fast_adder_vhdl



